2023-10-25T07:05:06+00:00 DEBUG Tt4b_Pixel_Class::inject_view_content_event: hit ViewContent
2023-10-25T07:05:06+00:00 DEBUG Tt4b_Pixel_Class::inject_view_content_event: Missing option "access_token"
2023-10-25T07:12:18+00:00 DEBUG Tt4b_Pixel_Class::inject_add_to_cart_event: hit AddToCart
2023-10-25T07:12:18+00:00 DEBUG Tt4b_Pixel_Class::inject_add_to_cart_event: Missing option "access_token"
2023-10-25T07:12:22+00:00 DEBUG Tt4b_Pixel_Class::inject_view_content_event: hit ViewContent
2023-10-25T07:12:22+00:00 DEBUG Tt4b_Pixel_Class::inject_view_content_event: Missing option "access_token"
2023-10-25T07:12:28+00:00 DEBUG Tt4b_Pixel_Class::inject_add_to_cart_event: hit AddToCart
2023-10-25T07:12:28+00:00 DEBUG Tt4b_Pixel_Class::inject_add_to_cart_event: Missing option "access_token"
2023-10-25T07:12:28+00:00 DEBUG Tt4b_Pixel_Class::inject_view_content_event: hit ViewContent
2023-10-25T07:12:28+00:00 DEBUG Tt4b_Pixel_Class::inject_view_content_event: Missing option "access_token"
2023-10-25T07:12:40+00:00 DEBUG Tt4b_Pixel_Class::inject_view_content_event: hit ViewContent
2023-10-25T07:12:40+00:00 DEBUG Tt4b_Pixel_Class::inject_view_content_event: Missing option "access_token"
2023-10-25T07:20:55+00:00 DEBUG Tt4b_Pixel_Class::inject_start_checkout: hit InitiateCheckout
2023-10-25T07:20:55+00:00 DEBUG Tt4b_Pixel_Class::inject_start_checkout: Missing option "access_token"
2023-10-25T07:29:38+00:00 DEBUG Tt4b_Pixel_Class::inject_start_checkout: hit InitiateCheckout
2023-10-25T07:29:38+00:00 DEBUG Tt4b_Pixel_Class::inject_start_checkout: Missing option "access_token"
2023-10-25T07:34:36+00:00 DEBUG Tt4b_Pixel_Class::inject_start_checkout: hit InitiateCheckout
2023-10-25T07:34:36+00:00 DEBUG Tt4b_Pixel_Class::inject_start_checkout: Missing option "access_token"
2023-10-25T07:35:00+00:00 DEBUG Tt4b_Pixel_Class::inject_start_checkout: hit InitiateCheckout
2023-10-25T07:35:00+00:00 DEBUG Tt4b_Pixel_Class::inject_start_checkout: Missing option "access_token"
2023-10-25T07:36:20+00:00 DEBUG Tt4b_Pixel_Class::inject_start_checkout: hit InitiateCheckout
2023-10-25T07:36:20+00:00 DEBUG Tt4b_Pixel_Class::inject_start_checkout: Missing option "access_token"
2023-10-25T07:42:14+00:00 DEBUG Tt4b_Pixel_Class::inject_start_checkout: hit InitiateCheckout
2023-10-25T07:42:14+00:00 DEBUG Tt4b_Pixel_Class::inject_start_checkout: Missing option "access_token"
2023-10-25T07:42:44+00:00 DEBUG Tt4b_Pixel_Class::inject_start_checkout: hit InitiateCheckout
2023-10-25T07:42:44+00:00 DEBUG Tt4b_Pixel_Class::inject_start_checkout: Missing option "access_token"
2023-10-25T07:43:16+00:00 DEBUG Tt4b_Pixel_Class::inject_view_content_event: hit ViewContent
2023-10-25T07:43:16+00:00 DEBUG Tt4b_Pixel_Class::inject_view_content_event: Missing option "access_token"
2023-10-25T07:43:22+00:00 DEBUG Tt4b_Pixel_Class::inject_add_to_cart_event: hit AddToCart
2023-10-25T07:43:22+00:00 DEBUG Tt4b_Pixel_Class::inject_add_to_cart_event: Missing option "access_token"
2023-10-25T07:43:22+00:00 DEBUG Tt4b_Pixel_Class::inject_view_content_event: hit ViewContent
2023-10-25T07:43:22+00:00 DEBUG Tt4b_Pixel_Class::inject_view_content_event: Missing option "access_token"
2023-10-25T07:43:26+00:00 DEBUG Tt4b_Pixel_Class::inject_add_to_cart_event: hit AddToCart
2023-10-25T07:43:26+00:00 DEBUG Tt4b_Pixel_Class::inject_add_to_cart_event: Missing option "access_token"
2023-10-25T07:43:26+00:00 DEBUG Tt4b_Pixel_Class::inject_view_content_event: hit ViewContent
2023-10-25T07:43:26+00:00 DEBUG Tt4b_Pixel_Class::inject_view_content_event: Missing option "access_token"
2023-10-25T07:43:32+00:00 DEBUG Tt4b_Pixel_Class::inject_add_to_cart_event: hit AddToCart
2023-10-25T07:43:32+00:00 DEBUG Tt4b_Pixel_Class::inject_add_to_cart_event: Missing option "access_token"
2023-10-25T07:43:32+00:00 DEBUG Tt4b_Pixel_Class::inject_view_content_event: hit ViewContent
2023-10-25T07:43:32+00:00 DEBUG Tt4b_Pixel_Class::inject_view_content_event: Missing option "access_token"
2023-10-25T07:43:47+00:00 DEBUG Tt4b_Pixel_Class::inject_start_checkout: hit InitiateCheckout
2023-10-25T07:43:47+00:00 DEBUG Tt4b_Pixel_Class::inject_start_checkout: Missing option "access_token"
2023-10-25T07:44:12+00:00 DEBUG Tt4b_Pixel_Class::inject_start_checkout: hit InitiateCheckout
2023-10-25T07:44:12+00:00 DEBUG Tt4b_Pixel_Class::inject_start_checkout: Missing option "access_token"
